<?xml version="1.0" encoding="UTF-8" ?>
<testsuite errors="2" failures="0" hostname="Huawei_Maria" name="web.beans.ValidationBeanTest" skipped="0" tests="2" time="0.138" timestamp="2025-05-05T14:17:17">
  <properties>
[...]
</properties>
  <testcase classname="web.beans.ValidationBeanTest" name="testInvalidR" time="0.023">
    <error type="java.lang.ExceptionInInitializerError">java.lang.ExceptionInInitializerError
	at web.beans.ValidationBeanTest.setUp(Unknown Source)
	at java.base/jdk.internal.reflect.NativeMethodAccessorImpl.invoke0(Native Method)
	at java.base/jdk.internal.reflect.NativeMethodAccessorImpl.invoke(NativeMethodAccessorImpl.java:77)
	at java.base/jdk.internal.reflect.DelegatingMethodAccessorImpl.invoke(DelegatingMethodAccessorImpl.java:43)
Caused by: java.util.MissingResourceException: Can&apos;t find bundle for base name locales/messages, locale ru_RU
	at java.base/java.util.ResourceBundle.throwMissingResourceException(ResourceBundle.java:2045)
	at java.base/java.util.ResourceBundle.getBundleImpl(ResourceBundle.java:1683)
	at java.base/java.util.ResourceBundle.getBundleImpl(ResourceBundle.java:1586)
	at java.base/java.util.ResourceBundle.getBundleImpl(ResourceBundle.java:1549)
	at java.base/java.util.ResourceBundle.getBundle(ResourceBundle.java:858)
	at web.beans.ValidationBean.&lt;clinit&gt;(Unknown Source)
</error>
  </testcase>
  <testcase classname="web.beans.ValidationBeanTest" name="testInvalidX" time="0.001">
    <error message="Could not initialize class web.beans.ValidationBean" type="java.lang.NoClassDefFoundError">java.lang.NoClassDefFoundError: Could not initialize class web.beans.ValidationBean
	at web.beans.ValidationBeanTest.setUp(Unknown Source)
	at java.base/jdk.internal.reflect.NativeMethodAccessorImpl.invoke0(Native Method)
	at java.base/jdk.internal.reflect.NativeMethodAccessorImpl.invoke(NativeMethodAccessorImpl.java:77)
	at java.base/jdk.internal.reflect.DelegatingMethodAccessorImpl.invoke(DelegatingMethodAccessorImpl.java:43)
Caused by: java.lang.ExceptionInInitializerError: Exception java.util.MissingResourceException: Can&apos;t find bundle for base name locales/messages, locale ru_RU [in thread &quot;main&quot;]
	at java.base/java.util.ResourceBundle.throwMissingResourceException(ResourceBundle.java:2045)
	at java.base/java.util.ResourceBundle.getBundleImpl(ResourceBundle.java:1683)
	at java.base/java.util.ResourceBundle.getBundleImpl(ResourceBundle.java:1586)
	at java.base/java.util.ResourceBundle.getBundleImpl(ResourceBundle.java:1549)
	at java.base/java.util.ResourceBundle.getBundle(ResourceBundle.java:858)
	at web.beans.ValidationBean.&lt;clinit&gt;(Unknown Source)
</error>
  </testcase>
  <system-out><![CDATA[]]></system-out>
  <system-err><![CDATA[]]></system-err>
</testsuite>
